#
# A fatal error has been detected by the Java Runtime Environment:
#
#  Internal Error (classFileParser.cpp:3470), pid=5672, tid=5668
#  Error: ShouldNotReachHere()
#
# JRE version: 7.0-b147
# Java VM: Java HotSpot(TM) Client VM (21.0-b17 mixed mode windows-x86 )
# Failed to write core dump. Minidumps are not enabled by default on client versions of Windows
#
# If you would like to submit a bug report, please visit:
#   http://bugreport.sun.com/bugreport/crash.jsp
#

---------------  T H R E A D  ---------------

Current thread (0x011c2400):  JavaThread "Unknown thread" [_thread_in_vm, id=5668, stack(0x01170000,0x011c0000)]

Stack: [0x01170000,0x011c0000],  sp=0x011bf5a4,  free space=317k
Native frames: (J=compiled Java code, j=interpreted, Vv=VM code, C=native code)
V  [jvm.dll+0x1630e1]
V  [jvm.dll+0x15dcfb]
V  [jvm.dll+0x18e37]
V  [jvm.dll+0x1a6a8]
V  [jvm.dll+0x2a42f]
V  [jvm.dll+0x2b818]
V  [jvm.dll+0x2bedb]
V  [jvm.dll+0x2bf2a]
V  [jvm.dll+0x2c07d]
V  [jvm.dll+0x2c15a]
V  [jvm.dll+0x2c3d7]
V  [jvm.dll+0x73cb1]
V  [jvm.dll+0x7406b]
V  [jvm.dll+0x121a7c]
V  [jvm.dll+0x14382a]
V  [jvm.dll+0xa2940]
C  [javaw.exe+0x1359]
C  [javaw.exe+0x1dc9]
C  [javaw.exe+0xa0cb]
C  [javaw.exe+0xa155]
C  [kernel32.dll+0x4ed5c]  BaseThreadInitThunk+0x12
C  [ntdll.dll+0x637eb]  RtlInitializeExceptionChain+0xef
C  [ntdll.dll+0x637be]  RtlInitializeExceptionChain+0xc2


---------------  P R O C E S S  ---------------

Java Threads: ( => current thread )

Other Threads:

=>0x011c2400 (exited) JavaThread "Unknown thread" [_thread_in_vm, id=5668, stack(0x01170000,0x011c0000)]

VM state:not at safepoint (not fully initialized)

VM Mutex/Monitor currently owned by a thread: None

Dynamic libraries:
0x010e0000 - 0x0110f000 	C:\Program Files\Java\jdk1.7.0\bin\javaw.exe
0x77520000 - 0x7765c000 	C:\Windows\SYSTEM32\ntdll.dll
0x762d0000 - 0x763a4000 	C:\Windows\system32\kernel32.dll
0x75610000 - 0x7565b000 	C:\Windows\system32\KERNELBASE.dll
0x75fc0000 - 0x76060000 	C:\Windows\system32\ADVAPI32.dll
0x75e70000 - 0x75f1c000 	C:\Windows\system32\msvcrt.dll
0x758c0000 - 0x758d9000 	C:\Windows\SYSTEM32\sechost.dll
0x77660000 - 0x77702000 	C:\Windows\system32\RPCRT4.dll
0x761d0000 - 0x76299000 	C:\Windows\system32\USER32.dll
0x76180000 - 0x761ce000 	C:\Windows\system32\GDI32.dll
0x764b0000 - 0x764ba000 	C:\Windows\system32\LPK.dll
0x75f20000 - 0x75fbd000 	C:\Windows\system32\USP10.dll
0x745d0000 - 0x7476e000 	C:\Windows\WinSxS\x86_microsoft.windows.common-controls_6595b64144ccf1df_6.0.7601.17514_none_41e6975e2bd6f2b2\COMCTL32.dll
0x763d0000 - 0x76427000 	C:\Windows\system32\SHLWAPI.dll
0x762b0000 - 0x762cf000 	C:\Windows\system32\IMM32.DLL
0x75da0000 - 0x75e6c000 	C:\Windows\system32\MSCTF.dll
0x611b0000 - 0x6126e000 	C:\Program Files\Java\jdk1.7.0\jre\bin\msvcr100.dll
0x53170000 - 0x53491000 	C:\Program Files\Java\jdk1.7.0\jre\bin\client\jvm.dll
0x702d0000 - 0x702d7000 	C:\Windows\system32\WSOCK32.dll
0x77710000 - 0x77745000 	C:\Windows\system32\WS2_32.dll
0x762a0000 - 0x762a6000 	C:\Windows\system32\NSI.dll
0x702e0000 - 0x70312000 	C:\Windows\system32\WINMM.dll
0x763c0000 - 0x763c5000 	C:\Windows\system32\PSAPI.DLL
0x73ac0000 - 0x73acc000 	C:\Program Files\Java\jdk1.7.0\jre\bin\verify.dll
0x69be0000 - 0x69c00000 	C:\Program Files\Java\jdk1.7.0\jre\bin\java.dll
0x69c50000 - 0x69c63000 	C:\Program Files\Java\jdk1.7.0\jre\bin\zip.dll

VM Arguments:
jvm_args: -XX:-UseSplitVerifier -Dfile.encoding=Cp1252 -Xbootclasspath:C:\adt-bundle-windows-x86-20130729\sdk\platforms\android-18\android.jar 
java_command: com.example.nav2.Test
Launcher Type: SUN_STANDARD

Environment Variables:
JAVA_HOME=c:\Program Files\java\jdk1.7.0
CLASSPATH=.
PATH=C:/Program Files/Java/jre7/bin/client;C:/Program Files/Java/jre7/bin;C:/Program Files/Java/jre7/lib/i386;C:\tibco\tibrv\8.3\bin;C:\Program Files\Parallels\Parallels Tools\Applications;C:\Program Files\Common Files\Microsoft Shared\Windows Live;C:\Windows\system32;C:\Windows;C:\Windows\System32\Wbem;C:\Windows\System32\WindowsPowerShell\v1.0\;C:\Program Files\Java\jdk1.7.0\bin;C:\Program Files\Windows Live\Shared;C:\Program Files\TortoiseSVN\bin;C:\Program Files\Liquid Technologies\Liquid XML Studio 2012\XmlDataBinder10\Redist10\cpp\win32\bin;C:\OpenSSL-Win32\bin;C:\Program Files\Microsoft\Web Platform Installer\;C:\Program Files\Microsoft ASP.NET\ASP.NET Web Pages\v1.0\;C:\Program Files\Microsoft SQL Server\110\Tools\Binn\;c:\Program Files\Microsoft SQL Server\90\Tools\binn\;C:\Program Files\Windows Kits\8.0\Windows Performance Toolkit\;C:\Program Files\nodejs\;c:\Program Files\Microsoft SQL Server\110\Tools\Binn\ManagementStudio\;c:\Program Files\Microsoft SQL Server\110\DTS\Binn\;c:\mysqlc\bin;C:\adt-bundle-windows-x86-20130729\sdk\tools\lib;C:\Users\sxlaw2011\Desktop\Desktop 2013\eclipse-2;
USERNAME=sxlaw2011
OS=Windows_NT
PROCESSOR_IDENTIFIER=x86 Family 6 Model 42 Stepping 7, GenuineIntel



---------------  S Y S T E M  ---------------

OS: Windows 7 Build 7601 Service Pack 1

CPU:total 1 (1 cores per cpu, 1 threads per core) family 6 model 42 stepping 7, cmov, cx8, fxsr, mmx, sse, sse2, sse3, ssse3, sse4.1, sse4.2, popcnt

Memory: 4k page, physical 2883128k(1130652k free), swap 5764504k(3110380k free)

vm_info: Java HotSpot(TM) Client VM (21.0-b17) for windows-x86 JRE (1.7.0-b147), built on Jun 27 2011 02:25:52 by "java_re" with unknown MS VC++:1600

time: Wed Sep 25 13:31:43 2013
elapsed time: 0 seconds

