#
# A fatal error has been detected by the Java Runtime Environment:
#
#  Internal Error (javaClasses.cpp:129), pid=15796, tid=18312
#  fatal error: Invalid layout of preloaded class
#
# JRE version: 7.0_25-b16
# Java VM: Java HotSpot(TM) 64-Bit Server VM (23.25-b01 mixed mode windows-amd64 compressed oops)
# Failed to write core dump. Minidumps are not enabled by default on client versions of Windows
#
# If you would like to submit a bug report, please visit:
#   http://bugreport.sun.com/bugreport/crash.jsp
#

---------------  T H R E A D  ---------------

Current thread (0x00000000028a0800):  JavaThread "Unknown thread" [_thread_in_vm, id=18312, stack(0x0000000002760000,0x0000000002860000)]

Stack: [0x0000000002760000,0x0000000002860000]

---------------  P R O C E S S  ---------------

Java Threads: ( => current thread )

Other Threads:

=>0x00000000028a0800 (exited) JavaThread "Unknown thread" [_thread_in_vm, id=18312, stack(0x0000000002760000,0x0000000002860000)]

VM state:not at safepoint (not fully initialized)

VM Mutex/Monitor currently owned by a thread: None

GC Heap History (0 events):
No events

Deoptimization events (0 events):
No events

Internal exceptions (0 events):
No events

Events (10 events):
Event: 0.023 loading class 0x00000000028f30f0 done
Event: 0.023 loading class 0x00000000028b6490 done
Event: 0.023 loading class 0x00000000028b6460
Event: 0.023 loading class 0x000000001123fba0
Event: 0.023 loading class 0x000000001123fba0 done
Event: 0.023 loading class 0x000000001123f820
Event: 0.023 loading class 0x000000001123f820 done
Event: 0.024 loading class 0x000000001123e890
Event: 0.024 loading class 0x000000001123e890 done
Event: 0.024 loading class 0x00000000028b6460 done


Dynamic libraries:
0x000007f6299f0000 - 0x000007f629a23000 	C:\Program Files\Java\jre7\bin\javaw.exe
0x000007f8da0a0000 - 0x000007f8da260000 	C:\Windows\SYSTEM32\ntdll.dll
0x000007f8d9810000 - 0x000007f8d9946000 	C:\Windows\system32\KERNEL32.DLL
0x000007f8d7020000 - 0x000007f8d7113000 	C:\Windows\system32\KERNELBASE.dll
0x000007f8d7800000 - 0x000007f8d78de000 	C:\Windows\system32\ADVAPI32.dll
0x000007f8d8010000 - 0x000007f8d815c000 	C:\Windows\system32\USER32.dll
0x000007f8d4420000 - 0x000007f8d468a000 	C:\Windows\WinSxS\amd64_microsoft.windows.common-controls_6595b64144ccf1df_6.0.9200.16579_none_418ab7ef718b27ef\COMCTL32.dll
0x000007f8d7930000 - 0x000007f8d79d5000 	C:\Windows\system32\msvcrt.dll
0x000007f8d9950000 - 0x000007f8d9998000 	C:\Windows\SYSTEM32\sechost.dll
0x000007f8d79e0000 - 0x000007f8d7b25000 	C:\Windows\system32\RPCRT4.dll
0x000007f8d9d10000 - 0x000007f8d9e51000 	C:\Windows\system32\GDI32.dll
0x000007f8d9e60000 - 0x000007f8d9e99000 	C:\Windows\system32\IMM32.DLL
0x000007f8d7ee0000 - 0x000007f8d7ff6000 	C:\Windows\system32\MSCTF.dll
0x0000000074970000 - 0x0000000074a41000 	C:\Program Files\Java\jre7\bin\msvcr100.dll
0x0000000074260000 - 0x000000007496f000 	C:\Program Files\Java\jre7\bin\server\jvm.dll
0x000007f8ce250000 - 0x000007f8ce259000 	C:\Windows\SYSTEM32\WSOCK32.dll
0x000007f8d4270000 - 0x000007f8d4290000 	C:\Windows\SYSTEM32\WINMM.dll
0x000007f8d95f0000 - 0x000007f8d95f7000 	C:\Windows\system32\PSAPI.DLL
0x000007f8d9600000 - 0x000007f8d9658000 	C:\Windows\system32\WS2_32.dll
0x000007f8d3ec0000 - 0x000007f8d3ef3000 	C:\Windows\SYSTEM32\WINMMBASE.dll
0x000007f8d9680000 - 0x000007f8d9689000 	C:\Windows\system32\NSI.dll
0x000007f8d71d0000 - 0x000007f8d721f000 	C:\Windows\SYSTEM32\cfgmgr32.dll
0x000007f8d7280000 - 0x000007f8d72a2000 	C:\Windows\system32\DEVOBJ.dll
0x0000000074ef0000 - 0x0000000074eff000 	C:\Program Files\Java\jre7\bin\verify.dll
0x0000000074ec0000 - 0x0000000074ee8000 	C:\Program Files\Java\jre7\bin\java.dll
0x0000000074ea0000 - 0x0000000074eb5000 	C:\Program Files\Java\jre7\bin\zip.dll

VM Arguments:
jvm_args: -Dfile.encoding=Cp1252 -Xbootclasspath:C:\Users\Melvrick\Downloads\adt-bundle-windows-x86_64-20130729\adt-bundle-windows-x86_64-20130729\sdk\platforms\android-18\android.jar 
java_command: com.aws.PropertyLoader
Launcher Type: SUN_STANDARD

Environment Variables:
JAVA_HOME=C:\Program Files\Java\jdk1.7.0_25
CLASSPATH=.;C:\tibco\tibrv\8.3\lib\tibrvnative.jar;C:\Program Files\Java\jdk1.7.0_25\lib
PATH=C:\tibco\tibrv\8.3\bin;C:\Program Files (x86)\NVIDIA Corporation\PhysX\Common;C:\Program Files (x86)\HP SimplePass\x64;C:\Program Files (x86)\HP SimplePass\;C:\Program Files (x86)\Intel\iCLS Client\;C:\Program Files\Intel\iCLS Client\;C:\Windows\system32;C:\Windows;C:\Windows\System32\Wbem;C:\Windows\System32\WindowsPowerShell\v1.0\;C:\Program Files (x86)\Windows Live\Shared;C:\Program Files\Intel\Intel(R) Management Engine Components\DAL;C:\Program Files\Intel\Intel(R) Management Engine Components\IPT;C:\Program Files (x86)\Intel\Intel(R) Management Engine Components\DAL;C:\Program Files (x86)\Intel\Intel(R) Management Engine Components\IPT;C:\Program Files (x86)\Intel\OpenCL SDK\2.0\bin\x86;C:\Program Files (x86)\Intel\OpenCL SDK\2.0\bin\x64;C:\Program Files\Java\jdk1.7.0_25\bin;C:\Program Files\Java\jre7;C:\Program Files\nodejs\;C:\Program Files (x86)\Meteor\;C:\Program Files (x86)\Liquid Technologies\Liquid XML Studio 2012\XmlDataBinder10\Redist10\cpp\win32\bin;C:\Program Files\Microsoft\Web Platform Installer\;C:\Program Files (x86)\Microsoft ASP.NET\ASP.NET Web Pages\v1.0\;C:\Program Files (x86)\Windows Kits\8.0\Windows Performance Toolkit\;C:\Program Files\Microsoft SQL Server\110\Tools\Binn\;C:\Program Files\Intel\WiFi\bin\;C:\Program Files\Common Files\Intel\WirelessCommon\;C:\mysqlc\;C:\Program Files (x86)\Heroku\bin;C:\Program Files (x86)\git\cmd;C:\Users\Melvrick\AppData\Roaming\npm;C:\Users\Melvrick\AppData\Local\.meteor;C:\Program Files\Intel\WiFi\bin\;C:\Program Files\Common Files\Intel\WirelessCommon\;C:\mysqlc\;.;
USERNAME=Melvrick
OS=Windows_NT
PROCESSOR_IDENTIFIER=Intel64 Family 6 Model 58 Stepping 9, GenuineIntel



---------------  S Y S T E M  ---------------

OS: Windows 8 , 64 bit Build 9200 

CPU:total 8 (4 cores per cpu, 2 threads per core) family 6 model 58 stepping 9, cmov, cx8, fxsr, mmx, sse, sse2, sse3, ssse3, sse4.1, sse4.2, popcnt, avx, ht, tsc, tscinvbit, tscinv

Memory: 4k page, physical 16663828k(9451396k free), swap 33441044k(24797136k free)

vm_info: Java HotSpot(TM) 64-Bit Server VM (23.25-b01) for windows-amd64 JRE (1.7.0_25-b16), built on Jun 12 2013 16:42:02 by "java_re" with unknown MS VC++:1600

time: Sat Oct 19 17:18:12 2013
elapsed time: 0 seconds

